Wed Dec 21 10:00:01 2016
88031: Ascot
87937: Launceston
88013: Sandown-Hillside
88009: Warwick Farm
88016: Sunshine Coast
88012: Mt Gambier
Parsed 6 venues.
Data saved to the database.
Scraping succesful! Retrying ...
Finished!
Thu Dec 22 10:00:01 2016
88050: Bunbury
88068: Sale
88057: Wyong
88072: Townsville
Parsed 4 venues.
Data saved to the database.
Scraping succesful! Retrying ...
Finished!
Fri Dec 23 10:00:02 2016
88147: Cranbourne
88157: Ipswich
88154: Kyneton
88131: Lismore
88160: Wagga
Parsed 5 venues.
Data saved to the database.
Scraping succesful! Retrying ...
Finished!
Sat Dec 24 10:00:02 2016
88182: Ascot
88155: Doomben
88133: Rosehill
88156: Sandown-Hillside
88145: Gawler
88227: Gold Coast
88229: Toowoomba
88212: Scone
Parsed 8 venues.
Data saved to the database.
Scraping succesful! Retrying ...
Finished!
Sun Dec 25 10:00:02 2016
Scraping failed: 'NoneType' object has no attribute 'find_all'! Retrying ...
Sun Dec 25 10:01:03 2016
Scraping failed: 'NoneType' object has no attribute 'find_all'! Retrying ...
Sun Dec 25 10:02:04 2016
Traceback (most recent call last):
  File "/home/moneyin8/public_html/application/python_scrapers/rasparser/rasparser.py", line 138, in <module>
    all_races = main()
  File "/home/moneyin8/public_html/application/python_scrapers/rasparser/rasparser.py", line 33, in main
    td_accept = main_div.find_all('td', text='Acceptance')
AttributeError: 'NoneType' object has no attribute 'find_all'
Mon Dec 26 10:00:01 2016
88225: Caulfield
88222: Morphettville
88217: Randwick
88246: Albany
88216: Beaumont (NEWCASTLE)
88173: Devonport Synthetic
88224: Geelong
88242: Pinjarra
88230: Sunshine Coast
88215: Ballina
88213: Bowraville
88247: Esperance
88228: Penshurst
88231: Warwick
Parsed 14 venues.
Data saved to the database.
Scraping succesful! Retrying ...
Finished!
Tue Dec 27 10:00:02 2016
88308: Geraldton
88295: Warrnambool
88284: Murwillumbah
88285: Orange
88226: Port Lincoln
88294: Stony Creek
Parsed 6 venues.
Data saved to the database.
Scraping succesful! Retrying ...
Finished!
Wed Dec 28 10:00:01 2016
88347: Eagle Farm
88346: Warwick Farm
88321: Bunbury
88292: Mornington
88348: Strathalbyn
Parsed 5 venues.
Data saved to the database.
Scraping succesful! Retrying ...
Finished!
Thu Dec 29 10:00:02 2016
88289: Canberra
88291: Gosford
88374: Yarra Valley
88362: Mackay
88310: Trangie
Parsed 5 venues.
Data saved to the database.
Scraping succesful! Retrying ...
Finished!
Fri Dec 30 10:00:02 2016
88440: Cranbourne
88446: Ipswich
88450: Strathalbyn
88445: Bairnsdale
88439: Coffs Harbour
88430: Corowa
Parsed 6 venues.
Data saved to the database.
Scraping succesful! Retrying ...
Finished!
Sat Dec 31 10:00:02 2016
Scraping failed: 'NoneType' object has no attribute 'find_all'! Retrying ...
Sat Dec 31 10:01:02 2016
88471: Ascot
88441: Canterbury
88456: Eagle Farm
88447: Moonee Valley
88442: Morphettville
88550: Gold Coast
88536: Gosford
88553: Toowoomba
88459: Echuca
88472: Esperance
88571: Fannie Bay
88542: Nowra
88551: Rockhampton
Parsed 13 venues.
Data saved to the database.
Scraping succesful! Retrying ...
Sat Dec 31 10:03:49 2016
88471: Ascot
88441: Canterbury
88456: Eagle Farm
88447: Moonee Valley
88442: Morphettville
88550: Gold Coast
88536: Gosford
88553: Toowoomba
88459: Echuca
88472: Esperance
88571: Fannie Bay
88542: Nowra
88551: Rockhampton
Parsed 13 venues.
Data saved to the database.
Scraping succesful! Retrying ...
Finished!
Sun Jan  1 10:00:01 2017
88545: Flemington
88569: Bunbury
88549: Mornington
88537: Murray Bridge
88552: Sunshine Coast
88543: Gilgandra
88544: Inverell
88466: Longford
88555: Terang
Parsed 9 venues.
Data saved to the database.
Scraping succesful! Retrying ...
Finished!
Mon Jan  2 10:00:02 2017
88538: Doomben
88540: Randwick
88613: Geelong
88567: Pinjarra
88535: Moruya
88539: Naracoorte
Parsed 6 venues.
Data saved to the database.
Scraping succesful! Retrying ...
Finished!
Tue Jan  3 10:00:01 2017
88614: Kembla Grange
88618: Murwillumbah
88619: Stony Creek
Parsed 3 venues.
Data saved to the database.
Scraping succesful! Retrying ...
Finished!
Wed Jan  4 10:00:01 2017
88680: Sandown-Hillside
88679: Gawler
88691: Geraldton
88685: Sunshine Coast
88677: Wyong
Parsed 5 venues.
Data saved to the database.
Scraping succesful! Retrying ...
Finished!
Thu Jan  5 10:00:02 2017
88722: Werribee
88699: Narrogin
88721: Taree
88726: Townsville
Parsed 4 venues.
Data saved to the database.
Scraping succesful! Retrying ...
Finished!
Fri Jan  6 10:00:01 2017
88793: Canterbury
88724: Hobart
88776: Canberra
88797: Cranbourne
88806: Ipswich
88723: Esperance
88780: Port Lincoln
88799: Stawell
88774: Tamworth
Parsed 9 venues.
Data saved to the database.
Scraping succesful! Retrying ...
Finished!
Sat Jan  7 10:00:02 2017
88800: Caulfield
88777: Morphettville Parks
88795: Warwick Farm
88855: Beaumont (NEWCASTLE)
88781: Gold Coast
88861: Kilmore
88820: Pinjarra
88865: Toowoomba
88856: Port Macquarie
Parsed 9 venues.
Data saved to the database.
Scraping succesful! Retrying ...
Finished!
Sun Jan  8 10:00:02 2017
88813: Albany
88867: Mornington
88866: Sunshine Coast
88863: Warrnambool
88857: Coffs Harbour
88862: Cowra
Parsed 6 venues.
Data saved to the database.
Scraping succesful! Retrying ...
Finished!
Mon Jan  9 10:00:02 2017
88915: Benalla
88864: Wagga Riverside
Parsed 2 venues.
Data saved to the database.
Scraping succesful! Retrying ...
Finished!
Tue Jan 10 10:00:01 2017
88930: Yarra Valley
88920: Kempsey
88933: Mackay
88916: Nowra
Parsed 4 venues.
Data saved to the database.
Scraping succesful! Retrying ...
Finished!
Wed Jan 11 10:00:02 2017
88998: Canterbury
89001: Eagle Farm
88999: Sandown-Hillside
89008: Bunbury
88878: Devonport Synthetic
89000: Murray Bridge
Parsed 6 venues.
Data saved to the database.
Scraping succesful! Retrying ...
Finished!
Thu Jan 12 10:00:01 2017
89056: Geelong
89028: Geraldton
89054: Muswellbrook
89055: Penola
89060: Rockhampton
Parsed 5 venues.
Data saved to the database.
Scraping succesful! Retrying ...
Finished!
Fri Jan 13 10:00:02 2017
89103: Doomben
89102: Cranbourne
89095: Gosford
89101: Ararat
89097: Ballina
Parsed 5 venues.
Data saved to the database.
Scraping succesful! Retrying ...
Finished!
Sat Jan 14 10:00:01 2017
89137: Ascot
89117: Flemington
89099: Morphettville Parks
89106: Randwick
89134: Albany
89057: Gold Coast
89187: Ipswich
89175: Kembla Grange
89183: Toowoomba
89174: Camperdown
89189: Fannie Bay
89163: Glen Innes
Parsed 12 venues.
Data saved to the database.
Scraping succesful! Retrying ...
Finished!
Sun Jan 15 10:00:01 2017
89198: Pinjarra
89181: Strathalbyn
89184: Sunshine Coast
89182: Warrnambool
89185: Benalla
89178: Scone
89179: Wellington
Parsed 7 venues.
Data saved to the database.
Scraping succesful! Retrying ...
Finished!
Mon Jan 16 10:00:01 2017
89261: Moe
89180: Moruya
Parsed 2 venues.
Data saved to the database.
Scraping succesful! Retrying ...
Finished!
Tue Jan 17 10:00:02 2017
89266: Mornington
89259: Taree
89265: Townsville
89263: Wagga
Parsed 4 venues.
Data saved to the database.
Scraping succesful! Retrying ...
Finished!
Wed Jan 18 10:00:01 2017
89347: Ascot
89335: Doomben
89260: Launceston
89333: Morphettville Parks
89334: Sandown-Hillside
89332: Warwick Farm
Parsed 6 venues.
Data saved to the database.
Scraping succesful! Retrying ...
Finished!
Thu Jan 19 10:00:02 2017
89365: Bunbury
89382: Gosford
89392: Kilmore
89383: Pakenham Park
89393: Rockhampton
Parsed 5 venues.
Data saved to the database.
Scraping succesful! Retrying ...
Finished!
Fri Jan 20 10:00:02 2017
89442: Canterbury
89440: Canberra
89452: Cranbourne
89446: Hamilton
89454: Ipswich
89366: Esperance
89448: Port Lincoln
89451: Tamworth
Parsed 8 venues.
Data saved to the database.
Scraping succesful! Retrying ...
Finished!
Sat Jan 21 10:00:01 2017
89480: Ascot
89450: Eagle Farm
89449: Moonee Valley
89443: Morphettville
89445: Randwick
89528: Beaumont (NEWCASTLE)
89531: Gold Coast
89548: Toowoomba
89529: Yarra Valley
89535: Alice Springs
89520: Parkes
Parsed 11 venues.
Data saved to the database.
Scraping succesful! Retrying ...
Finished!
Sun Jan 22 10:00:01 2017
89447: Hobart
89475: Mt Barker
89530: Sale
89538: Sunshine Coast
89533: Wyong
89519: Ballina
89534: Great Western
89521: Mt Gambier
Parsed 8 venues.
Data saved to the database.
Scraping succesful! Retrying ...
Finished!
Mon Jan 23 10:00:01 2017
89599: Seymour
89522: Port Macquarie
89518: Sapphire Coast
Parsed 3 venues.
Data saved to the database.
Scraping succesful! Retrying ...
Finished!
Tue Jan 24 10:00:02 2017
89598: Kembla Grange
89604: Armidale
89605: Cairns
89606: Terang
Parsed 4 venues.
Data saved to the database.
Scraping succesful! Retrying ...
Finished!
Wed Jan 25 10:00:02 2017
89610: Launceston
89677: Morphettville Parks
89679: Ballarat
89680: Gold Coast
89678: Hawkesbury
89676: Pakenham Park
89692: Pinjarra
Parsed 7 venues.
Data saved to the database.
Scraping succesful! Retrying ...
Finished!
Thu Jan 26 10:00:02 2017
89752: Caulfield
89751: Doomben
89747: Randwick
89723: Bunbury
89749: Murray Bridge
89753: Beaudesert
89758: Fannie Bay
89755: Hanging Rock
89748: Wagga Riverside
Parsed 9 venues.
Data saved to the database.
Scraping succesful! Retrying ...
Finished!
/home/moneyinmotioncom/www/application/python_scrapers
Sat Aug 18 09:30:01 2018
120894: Belmont Park
120882: Caulfield
120870: Morphettville
120876: Randwick
120877: Gold Coast
120952: Ipswich
120951: Kembla Grange
120966: Broome
120949: Gilgandra
120879: Katherine
120954: Kilcoy
120974: Narrandera
120970: Tatura
Parsed 13 venues.
Scraping failed: No section: 'mysqldb'! Retrying ...
Sat Aug 18 09:33:47 2018
120894: Belmont Park
120882: Caulfield
120870: Morphettville
120876: Randwick
120877: Gold Coast
120952: Ipswich
120951: Kembla Grange
120966: Broome
120949: Gilgandra
120879: Katherine
120954: Kilcoy
120974: Narrandera
120970: Tatura
Parsed 13 venues.
Scraping failed: No section: 'mysqldb'! Retrying ...
Sat Aug 18 09:38:01 2018
120894: Belmont Park
120882: Caulfield
120870: Morphettville
120876: Randwick
120877: Gold Coast
120952: Ipswich
120951: Kembla Grange
120966: Broome
120949: Gilgandra
120879: Katherine
120954: Kilcoy
120974: Narrandera
120970: Tatura
Parsed 13 venues.
Traceback (most recent call last):
  File "/home/moneyinmotioncom/www/application/python_scrapers/rasparser/rasparser.py", line 142, in <module>
    save_data(all_races)
  File "/home/moneyinmotioncom/public_html/application/python_scrapers/rasparser/save_data.py", line 16, in save_data
    dbuser = config.get('mysqldb', 'dbuser')
  File "/usr/lib64/python2.7/ConfigParser.py", line 607, in get
    raise NoSectionError(section)
ConfigParser.NoSectionError: No section: 'mysqldb'
/home/moneyinmotioncom/www/application/python_scrapers
Sun Aug 19 06:34:35 2018
120967: Ballarat
120878: Devonport Synthetic
120893: Kalgoorlie
120965: Pakenham Park Synthetic
120957: Sunshine Coast
120953: Moruya
120950: Taree
/home/moneyinmotioncom/www/application/python_scrapers
Sun Aug 19 09:30:02 2018
120967: Ballarat
120878: Devonport Synthetic
120893: Kalgoorlie
120965: Pakenham Park Synthetic
120957: Sunshine Coast
120953: Moruya
120950: Taree
Parsed 7 venues.
Data saved to the database.
Scraping succesful! Retrying ...
Finished!
